<?xml version="1.0" encoding="UTF-8"?>
<!-- Generated by org.testng.reporters.JUnitReportReporter -->
<testsuite hostname="GORDITA" name="com.seleniumtestngjenkinsgithub.example.RegisterTest" tests="1" failures="0" timestamp="12 May 2020 04:11:36 GMT" time="67.104" errors="0">
  <testcase name="registerPage" time="67.104" classname="com.seleniumtestngjenkinsgithub.example.RegisterTest"/>
</testsuite> <!-- com.seleniumtestngjenkinsgithub.example.RegisterTest -->
